<?xml version="1.0" encoding="UTF-8"?>
<TestRun id="cd3831a1-f5d3-49fb-97ec-ce8af2b22e59" name="rangesh@RANGESH-PC 2014-07-08 07:41:05" runUser="rangesh-PC\rangesh" xmlns="http://microsoft.com/schemas/VisualStudio/TeamTest/2010">
  <TestSettings name="Local" id="7b671d9d-f8b3-4179-8a7c-a4bd411a1748">
    <Description>These are default test settings for a local test run.</Description>
    <Deployment enabled="false" runDeploymentRoot="rangesh_RANGESH-PC 2014-07-08 07_41_05">
      <DeploymentItem filename="C:\Users\rangesh\Documents\Visual Studio 2010\Projects\Experiments\SOLID\SOLID\bin\Debug\SOLID.exe" />
    </Deployment>
    <Execution>
      <TestTypeSpecific />
      <AgentRule name="Execution Agents">
      </AgentRule>
    </Execution>
  </TestSettings>
  <Times creation="2014-07-08T07:41:05.7291060+05:30" queuing="2014-07-08T07:41:05.8591134+05:30" start="2014-07-08T07:41:05.8861150+05:30" finish="2014-07-08T07:41:06.4071448+05:30" />
  <ResultSummary outcome="Completed">
    <Counters total="1" executed="1" passed="1" error="0" failed="0" timeout="0" aborted="0" inconclusive="0" passedButRunAborted="0" notRunnable="0" notExecuted="0" disconnected="0" warning="0" completed="0" inProgress="0" pending="0" />
  </ResultSummary>
  <TestDefinitions>
    <UnitTest name="fourForSquare" storage="c:\users\rangesh\documents\visual studio 2010\projects\experiments\solid\unittest\bin\debug\unittest.dll" id="b36e304a-eb85-f30c-00f3-64fa2e6690d4">
      <Execution id="d793fb9e-83d7-4374-aaad-ec85364aa137" />
      <TestMethod codeBase="C:/Users/rangesh/Documents/Visual Studio 2010/Projects/Experiments/SOLID/UnitTest/bin/Debug/UnitTest.DLL" adapterTypeName="Microsoft.VisualStudio.TestTools.TestTypes.Unit.UnitTestAdapter, Microsoft.VisualStudio.QualityTools.Tips.UnitTest.Adapter, Version=10.0.0.0, Culture=neutral, PublicKeyToken=b03f5f7f11d50a3a" className="UnitTest.CalculateAreaTest, UnitTest, Version=1.0.0.0, Culture=neutral, PublicKeyToken=null" name="fourForSquare" />
    </UnitTest>
  </TestDefinitions>
  <TestLists>
    <TestList name="Results Not in a List" id="8c84fa94-04c1-424b-9868-57a2d4851a1d" />
    <TestList name="All Loaded Results" id="19431567-8539-422a-85d7-44ee4e166bda" />
  </TestLists>
  <TestEntries>
    <TestEntry testId="b36e304a-eb85-f30c-00f3-64fa2e6690d4" executionId="d793fb9e-83d7-4374-aaad-ec85364aa137" testListId="8c84fa94-04c1-424b-9868-57a2d4851a1d" />
  </TestEntries>
  <Results>
    <UnitTestResult executionId="d793fb9e-83d7-4374-aaad-ec85364aa137" testId="b36e304a-eb85-f30c-00f3-64fa2e6690d4" testName="fourForSquare" computerName="RANGESH-PC" duration="00:00:00.0333044" startTime="2014-07-08T07:41:05.9101163+05:30" endTime="2014-07-08T07:41:06.3671425+05:30" testType="13cdc9d9-ddb5-4fa4-a97d-d965ccfc6d4b" outcome="Passed" testListId="8c84fa94-04c1-424b-9868-57a2d4851a1d" relativeResultsDirectory="d793fb9e-83d7-4374-aaad-ec85364aa137">
    </UnitTestResult>
  </Results>
</TestRun>